<?xml version="1.0" encoding="UTF-8"?>
<!-- Generated by org.testng.reporters.JUnitReportReporter -->
<testsuite skipped="0" hostname="DESKTOP-7VGE18I" name="pratik.rest.AppTest" tests="3" failures="0" timestamp="27 Aug 2017 03:16:13 GMT" time="4.101" errors="0">
  <testcase name="postRequest" time="0.333" classname="pratik.rest.AppTest"/>
  <testcase name="getRequest" time="1.300" classname="pratik.rest.AppTest"/>
  <testcase name="deleteRequest" time="2.468" classname="pratik.rest.AppTest"/>
</testsuite> <!-- pratik.rest.AppTest -->
