<?xml version="1.0" encoding="UTF-8"?>
<!-- Generated by org.testng.reporters.JUnitReportReporter -->
<testsuite skipped="0" hostname="DESKTOP-7VGE18I" name="pratik.rest.GoogleRestAPI" tests="3" failures="0" timestamp="27 Aug 2017 07:36:36 GMT" time="3.719" errors="0">
  <testcase name="getRequestTest" time="0.645" classname="pratik.rest.GoogleRestAPI"/>
  <testcase name="deleteRequest" time="2.868" classname="pratik.rest.GoogleRestAPI"/>
  <testcase name="postRequest" time="0.206" classname="pratik.rest.GoogleRestAPI"/>
</testsuite> <!-- pratik.rest.GoogleRestAPI -->
